==275960== Helgrind, a thread error detector
==275960== Copyright (C) 2007-2017, and GNU GPL'd, by OpenWorks LLP et al.
==275960== Using Valgrind-3.18.1 and LibVEX; rerun with -h for copyright info
==275960== Command: ./philo 3 420 200 200 1
==275960== Parent PID: 28149
==275960== 
==275960== ---Thread-Announcement------------------------------------------
==275960== 
==275960== Thread #3 was created
==275960==    at 0x49A09F3: clone (clone.S:76)
==275960==    by 0x49A18EE: __clone_internal (clone-internal.c:83)
==275960==    by 0x490F6D8: create_thread (pthread_create.c:295)
==275960==    by 0x49101FF: pthread_create@@GLIBC_2.34 (pthread_create.c:828)
==275960==    by 0x4853767: ??? (in /usr/libexec/valgrind/vgpreload_helgrind-amd64-linux.so)
==275960==    by 0x40135A: main (main_philosophers.c:61)
==275960== 
==275960== ---Thread-Announcement------------------------------------------
==275960== 
==275960== Thread #2 was created
==275960==    at 0x49A09F3: clone (clone.S:76)
==275960==    by 0x49A18EE: __clone_internal (clone-internal.c:83)
==275960==    by 0x490F6D8: create_thread (pthread_create.c:295)
==275960==    by 0x49101FF: pthread_create@@GLIBC_2.34 (pthread_create.c:828)
==275960==    by 0x4853767: ??? (in /usr/libexec/valgrind/vgpreload_helgrind-amd64-linux.so)
==275960==    by 0x40135A: main (main_philosophers.c:61)
==275960== 
==275960== ---Thread-Announcement------------------------------------------
==275960== 
==275960== Thread #1 is the program's root thread
==275960== 
==275960== ----------------------------------------------------------------
==275960== 
==275960==  Lock at 0x4AA7040 was first observed
==275960==    at 0x4850CCF: ??? (in /usr/libexec/valgrind/vgpreload_helgrind-amd64-linux.so)
==275960==    by 0x40301E: ph_lock_forks (ph_threads_helper_2.c:20)
==275960==    by 0x402AAD: more_than_one_philo (ph_threads_2.c:129)
==275960==    by 0x485396A: ??? (in /usr/libexec/valgrind/vgpreload_helgrind-amd64-linux.so)
==275960==    by 0x490FAC2: start_thread (pthread_create.c:442)
==275960==    by 0x49A0A03: clone (clone.S:100)
==275960==  Address 0x4aa7040 is 0 bytes inside a block of size 120 alloc'd
==275960==    at 0x484A919: malloc (in /usr/libexec/valgrind/vgpreload_helgrind-amd64-linux.so)
==275960==    by 0x402106: ph_set_user_inputs_helper (ph_set_user_input.c:87)
==275960==    by 0x40244E: ph_set_user_inputs (ph_set_user_input.c:141)
==275960==    by 0x401240: main (main_philosophers.c:26)
==275960==  Block was alloc'd by thread #1
==275960== 
==275960==  Lock at 0x4AA7068 was first observed
==275960==    at 0x4850CCF: ??? (in /usr/libexec/valgrind/vgpreload_helgrind-amd64-linux.so)
==275960==    by 0x40306A: ph_lock_forks (ph_threads_helper_2.c:23)
==275960==    by 0x402AAD: more_than_one_philo (ph_threads_2.c:129)
==275960==    by 0x485396A: ??? (in /usr/libexec/valgrind/vgpreload_helgrind-amd64-linux.so)
==275960==    by 0x490FAC2: start_thread (pthread_create.c:442)
==275960==    by 0x49A0A03: clone (clone.S:100)
==275960==  Address 0x4aa7068 is 40 bytes inside a block of size 120 alloc'd
==275960==    at 0x484A919: malloc (in /usr/libexec/valgrind/vgpreload_helgrind-amd64-linux.so)
==275960==    by 0x402106: ph_set_user_inputs_helper (ph_set_user_input.c:87)
==275960==    by 0x40244E: ph_set_user_inputs (ph_set_user_input.c:141)
==275960==    by 0x401240: main (main_philosophers.c:26)
==275960==  Block was alloc'd by thread #1
==275960== 
==275960==  Lock at 0x1FFEFFF6E0 was first observed
==275960==    at 0x4854BFE: pthread_mutex_init (in /usr/libexec/valgrind/vgpreload_helgrind-amd64-linux.so)
==275960==    by 0x401290: main (main_philosophers.c:49)
==275960==  Address 0x1ffefff6e0 is on thread #1's stack
==275960==  in frame #3, created by main (main_philosophers.c:19)
==275960== 
==275960==  Lock at 0x1FFEFFF708 was first observed
==275960==    at 0x4854BFE: pthread_mutex_init (in /usr/libexec/valgrind/vgpreload_helgrind-amd64-linux.so)
==275960==    by 0x4012A7: main (main_philosophers.c:50)
==275960==  Address 0x1ffefff708 is on thread #1's stack
==275960==  in frame #3, created by main (main_philosophers.c:19)
==275960== 
==275960== Possible data race during write of size 4 at 0x4AA7100 by thread #3
==275960== Locks held: 3, at addresses 0x4AA7040 0x4AA7068 0x1FFEFFF6E0
==275960==    at 0x40319D: ph_unlock_forks (ph_threads_helper_2.c:48)
==275960==    by 0x402779: more_than_one_philo_cycles (ph_threads_2.c:38)
==275960==    by 0x402ABD: more_than_one_philo (ph_threads_2.c:131)
==275960==    by 0x485396A: ??? (in /usr/libexec/valgrind/vgpreload_helgrind-amd64-linux.so)
==275960==    by 0x490FAC2: start_thread (pthread_create.c:442)
==275960==    by 0x49A0A03: clone (clone.S:100)
==275960== 
==275960== This conflicts with a previous read of size 4 by thread #2
==275960== Locks held: 1, at address 0x1FFEFFF708
==275960==    at 0x402F7C: philo_thinking (ph_threads_helper.c:155)
==275960==    by 0x402A98: more_than_one_philo (ph_threads_2.c:125)
==275960==    by 0x485396A: ??? (in /usr/libexec/valgrind/vgpreload_helgrind-amd64-linux.so)
==275960==    by 0x490FAC2: start_thread (pthread_create.c:442)
==275960==    by 0x49A0A03: clone (clone.S:100)
==275960==  Address 0x4aa7100 is 0 bytes inside a block of size 12 alloc'd
==275960==    at 0x484A919: malloc (in /usr/libexec/valgrind/vgpreload_helgrind-amd64-linux.so)
==275960==    by 0x40213E: ph_set_user_inputs_helper (ph_set_user_input.c:94)
==275960==    by 0x40244E: ph_set_user_inputs (ph_set_user_input.c:141)
==275960==    by 0x401240: main (main_philosophers.c:26)
==275960==  Block was alloc'd by thread #1
==275960== 
==275960== ---Thread-Announcement------------------------------------------
==275960== 
==275960== Thread #4 was created
==275960==    at 0x49A09F3: clone (clone.S:76)
==275960==    by 0x49A18EE: __clone_internal (clone-internal.c:83)
==275960==    by 0x490F6D8: create_thread (pthread_create.c:295)
==275960==    by 0x49101FF: pthread_create@@GLIBC_2.34 (pthread_create.c:828)
==275960==    by 0x4853767: ??? (in /usr/libexec/valgrind/vgpreload_helgrind-amd64-linux.so)
==275960==    by 0x40135A: main (main_philosophers.c:61)
==275960== 
==275960== ----------------------------------------------------------------
==275960== 
==275960==  Lock at 0x4AA7068 was first observed
==275960==    at 0x4850CCF: ??? (in /usr/libexec/valgrind/vgpreload_helgrind-amd64-linux.so)
==275960==    by 0x40306A: ph_lock_forks (ph_threads_helper_2.c:23)
==275960==    by 0x402AAD: more_than_one_philo (ph_threads_2.c:129)
==275960==    by 0x485396A: ??? (in /usr/libexec/valgrind/vgpreload_helgrind-amd64-linux.so)
==275960==    by 0x490FAC2: start_thread (pthread_create.c:442)
==275960==    by 0x49A0A03: clone (clone.S:100)
==275960==  Address 0x4aa7068 is 40 bytes inside a block of size 120 alloc'd
==275960==    at 0x484A919: malloc (in /usr/libexec/valgrind/vgpreload_helgrind-amd64-linux.so)
==275960==    by 0x402106: ph_set_user_inputs_helper (ph_set_user_input.c:87)
==275960==    by 0x40244E: ph_set_user_inputs (ph_set_user_input.c:141)
==275960==    by 0x401240: main (main_philosophers.c:26)
==275960==  Block was alloc'd by thread #1
==275960== 
==275960==  Lock at 0x1FFEFFF6E0 was first observed
==275960==    at 0x4854BFE: pthread_mutex_init (in /usr/libexec/valgrind/vgpreload_helgrind-amd64-linux.so)
==275960==    by 0x401290: main (main_philosophers.c:49)
==275960==  Address 0x1ffefff6e0 is on thread #1's stack
==275960==  in frame #3, created by main (main_philosophers.c:19)
==275960== 
==275960==  Lock at 0x1FFEFFF708 was first observed
==275960==    at 0x4854BFE: pthread_mutex_init (in /usr/libexec/valgrind/vgpreload_helgrind-amd64-linux.so)
==275960==    by 0x4012A7: main (main_philosophers.c:50)
==275960==  Address 0x1ffefff708 is on thread #1's stack
==275960==  in frame #3, created by main (main_philosophers.c:19)
==275960== 
==275960== Possible data race during write of size 4 at 0x4AA7104 by thread #3
==275960== Locks held: 2, at addresses 0x4AA7068 0x1FFEFFF6E0
==275960==    at 0x4031EF: ph_unlock_forks (ph_threads_helper_2.c:54)
==275960==    by 0x402779: more_than_one_philo_cycles (ph_threads_2.c:38)
==275960==    by 0x402ABD: more_than_one_philo (ph_threads_2.c:131)
==275960==    by 0x485396A: ??? (in /usr/libexec/valgrind/vgpreload_helgrind-amd64-linux.so)
==275960==    by 0x490FAC2: start_thread (pthread_create.c:442)
==275960==    by 0x49A0A03: clone (clone.S:100)
==275960== 
==275960== This conflicts with a previous read of size 4 by thread #4
==275960== Locks held: 1, at address 0x1FFEFFF708
==275960==    at 0x402F32: philo_thinking (ph_threads_helper.c:153)
==275960==    by 0x402A98: more_than_one_philo (ph_threads_2.c:125)
==275960==    by 0x485396A: ??? (in /usr/libexec/valgrind/vgpreload_helgrind-amd64-linux.so)
==275960==    by 0x490FAC2: start_thread (pthread_create.c:442)
==275960==    by 0x49A0A03: clone (clone.S:100)
==275960==  Address 0x4aa7104 is 4 bytes inside a block of size 12 alloc'd
==275960==    at 0x484A919: malloc (in /usr/libexec/valgrind/vgpreload_helgrind-amd64-linux.so)
==275960==    by 0x40213E: ph_set_user_inputs_helper (ph_set_user_input.c:94)
==275960==    by 0x40244E: ph_set_user_inputs (ph_set_user_input.c:141)
==275960==    by 0x401240: main (main_philosophers.c:26)
==275960==  Block was alloc'd by thread #1
==275960== 
==275960== 
==275960== Use --history-level=approx or =none to gain increased speed, at
==275960== the cost of reduced accuracy of conflicting-access information
==275960== ERROR SUMMARY: 2 errors from 2 contexts (suppressed: 1491 from 116)
==275960== 
==275960== 1 errors in context 1 of 2:
==275960== ----------------------------------------------------------------
==275960== 
==275960==  Lock at 0x4AA7068 was first observed
==275960==    at 0x4850CCF: ??? (in /usr/libexec/valgrind/vgpreload_helgrind-amd64-linux.so)
==275960==    by 0x40306A: ph_lock_forks (ph_threads_helper_2.c:23)
==275960==    by 0x402AAD: more_than_one_philo (ph_threads_2.c:129)
==275960==    by 0x485396A: ??? (in /usr/libexec/valgrind/vgpreload_helgrind-amd64-linux.so)
==275960==    by 0x490FAC2: start_thread (pthread_create.c:442)
==275960==    by 0x49A0A03: clone (clone.S:100)
==275960==  Address 0x4aa7068 is 40 bytes inside an unallocated block of size 720 in arena "client"
==275960== 
==275960==  Lock at 0x1FFEFFF6E0 was first observed
==275960==    at 0x4854BFE: pthread_mutex_init (in /usr/libexec/valgrind/vgpreload_helgrind-amd64-linux.so)
==275960==    by 0x401290: main (main_philosophers.c:49)
==275960==  Address 0x1ffefff6e0 is in a rw- anonymous segment
==275960== 
==275960==  Lock at 0x1FFEFFF708 was first observed
==275960==    at 0x4854BFE: pthread_mutex_init (in /usr/libexec/valgrind/vgpreload_helgrind-amd64-linux.so)
==275960==    by 0x4012A7: main (main_philosophers.c:50)
==275960==  Address 0x1ffefff708 is in a rw- anonymous segment
==275960== 
==275960== Possible data race during write of size 4 at 0x4AA7104 by thread #3
==275960== Locks held: 2, at addresses 0x4AA7068 0x1FFEFFF6E0
==275960==    at 0x4031EF: ph_unlock_forks (ph_threads_helper_2.c:54)
==275960==    by 0x402779: more_than_one_philo_cycles (ph_threads_2.c:38)
==275960==    by 0x402ABD: more_than_one_philo (ph_threads_2.c:131)
==275960==    by 0x485396A: ??? (in /usr/libexec/valgrind/vgpreload_helgrind-amd64-linux.so)
==275960==    by 0x490FAC2: start_thread (pthread_create.c:442)
==275960==    by 0x49A0A03: clone (clone.S:100)
==275960== 
==275960== This conflicts with a previous read of size 4 by thread #4
==275960== Locks held: 1, at address 0x1FFEFFF708
==275960==    at 0x402F32: philo_thinking (ph_threads_helper.c:153)
==275960==    by 0x402A98: more_than_one_philo (ph_threads_2.c:125)
==275960==    by 0x485396A: ??? (in /usr/libexec/valgrind/vgpreload_helgrind-amd64-linux.so)
==275960==    by 0x490FAC2: start_thread (pthread_create.c:442)
==275960==    by 0x49A0A03: clone (clone.S:100)
==275960==  Address 0x4aa7104 is 4 bytes inside a block of size 12 alloc'd
==275960==    at 0x484A919: malloc (in /usr/libexec/valgrind/vgpreload_helgrind-amd64-linux.so)
==275960==    by 0x40213E: ph_set_user_inputs_helper (ph_set_user_input.c:94)
==275960==    by 0x40244E: ph_set_user_inputs (ph_set_user_input.c:141)
==275960==    by 0x401240: main (main_philosophers.c:26)
==275960==  Block was alloc'd by thread #1
==275960== 
==275960== 
==275960== 1 errors in context 2 of 2:
==275960== ----------------------------------------------------------------
==275960== 
==275960==  Lock at 0x4AA7040 was first observed
==275960==    at 0x4850CCF: ??? (in /usr/libexec/valgrind/vgpreload_helgrind-amd64-linux.so)
==275960==    by 0x40301E: ph_lock_forks (ph_threads_helper_2.c:20)
==275960==    by 0x402AAD: more_than_one_philo (ph_threads_2.c:129)
==275960==    by 0x485396A: ??? (in /usr/libexec/valgrind/vgpreload_helgrind-amd64-linux.so)
==275960==    by 0x490FAC2: start_thread (pthread_create.c:442)
==275960==    by 0x49A0A03: clone (clone.S:100)
==275960==  Address 0x4aa7040 is 0 bytes inside an unallocated block of size 720 in arena "client"
==275960== 
==275960==  Lock at 0x4AA7068 was first observed
==275960==    at 0x4850CCF: ??? (in /usr/libexec/valgrind/vgpreload_helgrind-amd64-linux.so)
==275960==    by 0x40306A: ph_lock_forks (ph_threads_helper_2.c:23)
==275960==    by 0x402AAD: more_than_one_philo (ph_threads_2.c:129)
==275960==    by 0x485396A: ??? (in /usr/libexec/valgrind/vgpreload_helgrind-amd64-linux.so)
==275960==    by 0x490FAC2: start_thread (pthread_create.c:442)
==275960==    by 0x49A0A03: clone (clone.S:100)
==275960==  Address 0x4aa7068 is 40 bytes inside an unallocated block of size 720 in arena "client"
==275960== 
==275960==  Lock at 0x1FFEFFF6E0 was first observed
==275960==    at 0x4854BFE: pthread_mutex_init (in /usr/libexec/valgrind/vgpreload_helgrind-amd64-linux.so)
==275960==    by 0x401290: main (main_philosophers.c:49)
==275960==  Address 0x1ffefff6e0 is in a rw- anonymous segment
==275960== 
==275960==  Lock at 0x1FFEFFF708 was first observed
==275960==    at 0x4854BFE: pthread_mutex_init (in /usr/libexec/valgrind/vgpreload_helgrind-amd64-linux.so)
==275960==    by 0x4012A7: main (main_philosophers.c:50)
==275960==  Address 0x1ffefff708 is in a rw- anonymous segment
==275960== 
==275960== Possible data race during write of size 4 at 0x4AA7100 by thread #3
==275960== Locks held: 3, at addresses 0x4AA7040 0x4AA7068 0x1FFEFFF6E0
==275960==    at 0x40319D: ph_unlock_forks (ph_threads_helper_2.c:48)
==275960==    by 0x402779: more_than_one_philo_cycles (ph_threads_2.c:38)
==275960==    by 0x402ABD: more_than_one_philo (ph_threads_2.c:131)
==275960==    by 0x485396A: ??? (in /usr/libexec/valgrind/vgpreload_helgrind-amd64-linux.so)
==275960==    by 0x490FAC2: start_thread (pthread_create.c:442)
==275960==    by 0x49A0A03: clone (clone.S:100)
==275960== 
==275960== This conflicts with a previous read of size 4 by thread #2
==275960== Locks held: 1, at address 0x1FFEFFF708
==275960==    at 0x402F7C: philo_thinking (ph_threads_helper.c:155)
==275960==    by 0x402A98: more_than_one_philo (ph_threads_2.c:125)
==275960==    by 0x485396A: ??? (in /usr/libexec/valgrind/vgpreload_helgrind-amd64-linux.so)
==275960==    by 0x490FAC2: start_thread (pthread_create.c:442)
==275960==    by 0x49A0A03: clone (clone.S:100)
==275960==  Address 0x4aa7100 is 0 bytes inside a block of size 12 alloc'd
==275960==    at 0x484A919: malloc (in /usr/libexec/valgrind/vgpreload_helgrind-amd64-linux.so)
==275960==    by 0x40213E: ph_set_user_inputs_helper (ph_set_user_input.c:94)
==275960==    by 0x40244E: ph_set_user_inputs (ph_set_user_input.c:141)
==275960==    by 0x401240: main (main_philosophers.c:26)
==275960==  Block was alloc'd by thread #1
==275960== 
--275960-- 
--275960-- used_suppression:   1491 helgrind-glibc2X-005 /usr/libexec/valgrind/default.supp:947
==275960== 
==275960== ERROR SUMMARY: 2 errors from 2 contexts (suppressed: 1491 from 116)
